  [1m[35m (7.2ms)[0m  [1m[35mCREATE TABLE "schema_migrations" ("version" varchar NOT NULL PRIMARY KEY) /*application='Backend'*/[0m
  [1m[35m (0.2ms)[0m  [1m[35mCREATE TABLE "ar_internal_metadata" ("key" varchar NOT NULL PRIMARY KEY, "value" varchar, "created_at" datetime(6) NOT NULL, "updated_at" datetime(6) NOT NULL) /*application='Backend'*/[0m
  [1m[36mActiveRecord::InternalMetadata Load (0.1ms)[0m  [1m[34mSELECT * FROM "ar_internal_metadata" WHERE "ar_internal_metadata"."key" = 'environment' ORDER BY "ar_internal_metadata"."key" ASC LIMIT 1 /*application='Backend'*/[0m
  [1m[36mActiveRecord::InternalMetadata Create (0.2ms)[0m  [1m[32mINSERT INTO "ar_internal_metadata" ("key", "value", "created_at", "updated_at") VALUES ('environment', 'development', '2025-03-28 02:49:23.225361', '2025-03-28 02:49:23.225365') RETURNING "key" /*application='Backend'*/[0m
  [1m[36mActiveRecord::SchemaMigration Load (0.1ms)[0m  [1m[34mSELECT "schema_migrations"."version" FROM "schema_migrations" ORDER BY "schema_migrations"."version" ASC /*application='Backend'*/[0m
Migrating to CreateUsers (20250328024855)
  [1m[36mTRANSACTION (0.1ms)[0m  [1m[35mBEGIN immediate TRANSACTION /*application='Backend'*/[0m
  [1m[35m (21.8ms)[0m  [1m[35mCREATE TABLE "users" ("id" integer PRIMARY KEY AUTOINCREMENT NOT NULL, "email" varchar, "password_digest" varchar, "user_type" varchar, "name" varchar, "company_name" varchar, "company_description" text, "skills" text, "bio" text, "created_at" datetime(6) NOT NULL, "updated_at" datetime(6) NOT NULL) /*application='Backend'*/[0m
  [1m[35m (0.1ms)[0m  [1m[35mCREATE INDEX "index_users_on_email" ON "users" ("email") /*application='Backend'*/[0m
  [1m[36mActiveRecord::SchemaMigration Create (0.2ms)[0m  [1m[32mINSERT INTO "schema_migrations" ("version") VALUES ('20250328024855') RETURNING "version" /*application='Backend'*/[0m
  [1m[36mTRANSACTION (0.3ms)[0m  [1m[35mCOMMIT TRANSACTION /*application='Backend'*/[0m
  [1m[36mActiveRecord::SchemaMigration Load (0.1ms)[0m  [1m[34mSELECT "schema_migrations"."version" FROM "schema_migrations" ORDER BY "schema_migrations"."version" ASC /*application='Backend'*/[0m
  [1m[36mActiveRecord::SchemaMigration Load (0.9ms)[0m  [1m[34mSELECT "schema_migrations"."version" FROM "schema_migrations" ORDER BY "schema_migrations"."version" ASC /*application='Backend'*/[0m
  [1m[36mActiveRecord::SchemaMigration Load (0.8ms)[0m  [1m[34mSELECT "schema_migrations"."version" FROM "schema_migrations" ORDER BY "schema_migrations"."version" ASC /*application='Backend'*/[0m
  [1m[36mTRANSACTION (0.2ms)[0m  [1m[35mBEGIN immediate TRANSACTION /*application='Backend'*/[0m
  [1m[36mUser Exists? (3.0ms)[0m  [1m[34mSELECT 1 AS one FROM "users" WHERE "users"."email" = 'intern@example.com' LIMIT 1 /*application='Backend'*/[0m
  [1m[36mUser Create (0.2ms)[0m  [1m[32mINSERT INTO "users" ("email", "password_digest", "user_type", "name", "company_name", "company_description", "skills", "bio", "created_at", "updated_at") VALUES ('intern@example.com', '$2a$12$Yy4y3TnoEi8Oa4Q2ekWTpObvmmqNQ7eCgCGIAfmI2ErO9uv0Abn7.', 'intern', 'å±±ç”°å¤ªéƒŽ', NULL, NULL, 'JavaScript, React, Ruby', 'å¤§å­¦3å¹´ç”Ÿã§ã™ã€‚Webã‚¢ãƒ—ãƒªã‚±ãƒ¼ã‚·ãƒ§ãƒ³é–‹ç™ºã«èˆˆå‘³ãŒã‚ã‚Šã¾ã™ã€‚', '2025-03-28 02:52:43.082176', '2025-03-28 02:52:43.082176') RETURNING "id" /*application='Backend'*/[0m
  [1m[36mTRANSACTION (9.0ms)[0m  [1m[35mCOMMIT TRANSACTION /*application='Backend'*/[0m
  [1m[36mTRANSACTION (3.0ms)[0m  [1m[35mBEGIN immediate TRANSACTION /*application='Backend'*/[0m
  [1m[36mUser Exists? (9.8ms)[0m  [1m[34mSELECT 1 AS one FROM "users" WHERE "users"."email" = 'company@example.com' LIMIT 1 /*application='Backend'*/[0m
  [1m[36mUser Create (0.3ms)[0m  [1m[32mINSERT INTO "users" ("email", "password_digest", "user_type", "name", "company_name", "company_description", "skills", "bio", "created_at", "updated_at") VALUES ('company@example.com', '$2a$12$N2qYhUnbBNOCPvRbsdGI1.3U4YUVXnUsO7yISU3mHuBRVA1WgeDhS', 'company', 'æŽ¡ç”¨æ‹…å½“', 'æ ªå¼ä¼šç¤¾ã‚µãƒ³ãƒ—ãƒ«', 'Webã‚¢ãƒ—ãƒªã‚±ãƒ¼ã‚·ãƒ§ãƒ³é–‹ç™ºã‚’è¡Œã†ãƒ™ãƒ³ãƒãƒ£ãƒ¼ä¼æ¥­ã§ã™ã€‚', NULL, NULL, '2025-03-28 02:52:43.296814', '2025-03-28 02:52:43.296814') RETURNING "id" /*application='Backend'*/[0m
  [1m[36mTRANSACTION (0.1ms)[0m  [1m[35mCOMMIT TRANSACTION /*application='Backend'*/[0m
Started GET "/" for 127.0.0.1 at 2025-03-28 11:53:01 +0900
  [1m[36mActiveRecord::SchemaMigration Load (0.9ms)[0m  [1m[34mSELECT "schema_migrations"."version" FROM "schema_migrations" ORDER BY "schema_migrations"."version" ASC /*application='Backend'*/[0m
Processing by Rails::WelcomeController#index as HTML
  Rendering /home/soran/.local/share/mise/installs/ruby/3.4.2/lib/ruby/gems/3.4.0/gems/railties-8.0.2/lib/rails/templates/rails/welcome/index.html.erb
  Rendered /home/soran/.local/share/mise/installs/ruby/3.4.2/lib/ruby/gems/3.4.0/gems/railties-8.0.2/lib/rails/templates/rails/welcome/index.html.erb (Duration: 1.1ms | GC: 0.0ms)
Completed 200 OK in 43ms (Views: 9.1ms | ActiveRecord: 0.0ms (0 queries, 0 cached) | GC: 0.0ms)


Started POST "/api/v1/users" for ::1 at 2025-03-28 11:53:25 +0900
Processing by Api::V1::UsersController#create as */*
  Parameters: {"user" => {"email" => "[FILTERED]", "password" => "[FILTERED]", "password_confirmation" => "[FILTERED]", "user_type" => "intern", "name" => "ãƒ†ã‚¹ãƒˆå¤ªéƒŽ", "skills" => "JavaScript, React", "bio" => "ãƒ†ã‚¹ãƒˆç”¨ã‚¤ãƒ³ã‚¿ãƒ¼ãƒ³ç”Ÿã§ã™"}}
  [1m[36mTRANSACTION (2.3ms)[0m  [1m[35mBEGIN immediate TRANSACTION /*action='create',application='Backend',controller='users'*/[0m
  â†³ app/controllers/api/v1/users_controller.rb:8:in 'Api::V1::UsersController#create'
  [1m[36mUser Exists? (9.2ms)[0m  [1m[34mSELECT 1 AS one FROM "users" WHERE "users"."email" = 'test_intern@example.com' LIMIT 1 /*action='create',application='Backend',controller='users'*/[0m
  â†³ app/controllers/api/v1/users_controller.rb:8:in 'Api::V1::UsersController#create'
  [1m[36mUser Create (0.5ms)[0m  [1m[32mINSERT INTO "users" ("email", "password_digest", "user_type", "name", "company_name", "company_description", "skills", "bio", "created_at", "updated_at") VALUES ('test_intern@example.com', '$2a$12$MLZstKI0Rq2e6fEqOdKw3.HVRTuK/1FLP6SEtBQ/7.zh8EVGNpvk.', 'intern', 'ãƒ†ã‚¹ãƒˆå¤ªéƒŽ', NULL, NULL, 'JavaScript, React', 'ãƒ†ã‚¹ãƒˆç”¨ã‚¤ãƒ³ã‚¿ãƒ¼ãƒ³ç”Ÿã§ã™', '2025-03-28 02:53:25.543120', '2025-03-28 02:53:25.543120') RETURNING "id" /*action='create',application='Backend',controller='users'*/[0m
  â†³ app/controllers/api/v1/users_controller.rb:8:in 'Api::V1::UsersController#create'
  [1m[36mTRANSACTION (20.6ms)[0m  [1m[35mCOMMIT TRANSACTION /*action='create',application='Backend',controller='users'*/[0m
  â†³ app/controllers/api/v1/users_controller.rb:8:in 'Api::V1::UsersController#create'
Completed 201 Created in 260ms (Views: 0.5ms | ActiveRecord: 35.5ms (2 queries, 0 cached) | GC: 0.0ms)


Started POST "/api/v1/users" for ::1 at 2025-03-28 11:53:35 +0900
Processing by Api::V1::UsersController#create as */*
  Parameters: {"user" => {"email" => "[FILTERED]", "password" => "[FILTERED]", "password_confirmation" => "[FILTERED]", "user_type" => "company", "name" => "ãƒ†ã‚¹ãƒˆæ‹…å½“", "company_name" => "ãƒ†ã‚¹ãƒˆæ ªå¼ä¼šç¤¾", "company_description" => "ãƒ†ã‚¹ãƒˆç”¨ä¼æ¥­ã§ã™"}}
  [1m[36mTRANSACTION (0.2ms)[0m  [1m[35mBEGIN immediate TRANSACTION /*action='create',application='Backend',controller='users'*/[0m
  â†³ app/controllers/api/v1/users_controller.rb:8:in 'Api::V1::UsersController#create'
  [1m[36mUser Exists? (2.1ms)[0m  [1m[34mSELECT 1 AS one FROM "users" WHERE "users"."email" = 'test_company@example.com' LIMIT 1 /*action='create',application='Backend',controller='users'*/[0m
  â†³ app/controllers/api/v1/users_controller.rb:8:in 'Api::V1::UsersController#create'
  [1m[36mUser Create (0.7ms)[0m  [1m[32mINSERT INTO "users" ("email", "password_digest", "user_type", "name", "company_name", "company_description", "skills", "bio", "created_at", "updated_at") VALUES ('test_company@example.com', '$2a$12$1SeQjvGY5JYDtm.s2fYaAOxB93EAnIJ.NM54ha3dZ72D5R5nWjy7e', 'company', 'ãƒ†ã‚¹ãƒˆæ‹…å½“', 'ãƒ†ã‚¹ãƒˆæ ªå¼ä¼šç¤¾', 'ãƒ†ã‚¹ãƒˆç”¨ä¼æ¥­ã§ã™', NULL, NULL, '2025-03-28 02:53:35.255227', '2025-03-28 02:53:35.255227') RETURNING "id" /*action='create',application='Backend',controller='users'*/[0m
  â†³ app/controllers/api/v1/users_controller.rb:8:in 'Api::V1::UsersController#create'
  [1m[36mTRANSACTION (0.3ms)[0m  [1m[35mCOMMIT TRANSACTION /*action='create',application='Backend',controller='users'*/[0m
  â†³ app/controllers/api/v1/users_controller.rb:8:in 'Api::V1::UsersController#create'
Completed 201 Created in 214ms (Views: 0.5ms | ActiveRecord: 3.2ms (2 queries, 0 cached) | GC: 0.0ms)


Started POST "/api/v1/login" for ::1 at 2025-03-28 11:53:41 +0900
Processing by Api::V1::SessionsController#create as */*
  Parameters: {"email" => "[FILTERED]", "password" => "[FILTERED]", "session" => {"email" => "[FILTERED]", "password" => "[FILTERED]"}}
  [1m[36mUser Load (0.9ms)[0m  [1m[34mSELECT "users".* FROM "users" WHERE "users"."email" = 'test_company@example.com' LIMIT 1 /*action='create',application='Backend',controller='sessions'*/[0m
  â†³ app/controllers/api/v1/sessions_controller.rb:5:in 'Api::V1::SessionsController#create'
Completed 200 OK in 192ms (Views: 0.2ms | ActiveRecord: 0.9ms (1 query, 0 cached) | GC: 0.0ms)


Started GET "/api/v1/users" for ::1 at 2025-03-28 11:53:50 +0900
Processing by Api::V1::UsersController#index as */*
Filter chain halted as :authenticate_user rendered or redirected
Completed 401 Unauthorized in 2ms (Views: 0.3ms | ActiveRecord: 0.0ms (0 queries, 0 cached) | GC: 0.0ms)


Started GET "/api/v1/logged_in" for ::1 at 2025-03-28 11:53:59 +0900
Processing by Api::V1::SessionsController#status as */*
Completed 200 OK in 1ms (Views: 0.2ms | ActiveRecord: 0.0ms (0 queries, 0 cached) | GC: 0.0ms)


Started POST "/api/v1/login" for ::1 at 2025-03-28 11:54:10 +0900
Processing by Api::V1::SessionsController#create as */*
  Parameters: {"email" => "[FILTERED]", "password" => "[FILTERED]", "session" => {"email" => "[FILTERED]", "password" => "[FILTERED]"}}
  [1m[36mUser Load (0.1ms)[0m  [1m[34mSELECT "users".* FROM "users" WHERE "users"."email" = 'test_company@example.com' LIMIT 1 /*action='create',application='Backend',controller='sessions'*/[0m
  â†³ app/controllers/api/v1/sessions_controller.rb:5:in 'Api::V1::SessionsController#create'
Completed 200 OK in 179ms (Views: 0.7ms | ActiveRecord: 0.1ms (1 query, 0 cached) | GC: 0.0ms)


Started GET "/" for 127.0.0.1 at 2025-03-28 13:37:16 +0900
  [1m[36mActiveRecord::SchemaMigration Load (0.9ms)[0m  [1m[34mSELECT "schema_migrations"."version" FROM "schema_migrations" ORDER BY "schema_migrations"."version" ASC /*application='Backend'*/[0m
Processing by Rails::WelcomeController#index as HTML
  Rendering /home/soran/.local/share/mise/installs/ruby/3.4.2/lib/ruby/gems/3.4.0/gems/railties-8.0.2/lib/rails/templates/rails/welcome/index.html.erb
  Rendered /home/soran/.local/share/mise/installs/ruby/3.4.2/lib/ruby/gems/3.4.0/gems/railties-8.0.2/lib/rails/templates/rails/welcome/index.html.erb (Duration: 1.7ms | GC: 0.0ms)
Completed 200 OK in 34ms (Views: 7.6ms | ActiveRecord: 0.0ms (0 queries, 0 cached) | GC: 0.0ms)


Started OPTIONS "/api/v1/users" for ::1 at 2025-03-28 13:38:35 +0900
Started POST "/api/v1/users" for ::1 at 2025-03-28 13:38:35 +0900
Processing by Api::V1::UsersController#create as */*
  Parameters: {"user" => {"email" => "[FILTERED]", "password" => "[FILTERED]", "password_confirmation" => "[FILTERED]", "name" => "ã¿ã¤", "user_type" => "intern", "skills" => "ãƒã‚¤ãƒˆã‹", "bio" => "ä»Šæ—¥ãƒã‚¤ãƒˆã‹"}}
  [1m[36mTRANSACTION (3.3ms)[0m  [1m[35mBEGIN immediate TRANSACTION /*action='create',application='Backend',controller='users'*/[0m
  â†³ app/controllers/api/v1/users_controller.rb:8:in 'Api::V1::UsersController#create'
  [1m[36mUser Exists? (12.8ms)[0m  [1m[34mSELECT 1 AS one FROM "users" WHERE "users"."email" = 'mitu@example.com' LIMIT 1 /*action='create',application='Backend',controller='users'*/[0m
  â†³ app/controllers/api/v1/users_controller.rb:8:in 'Api::V1::UsersController#create'
  [1m[36mUser Create (0.3ms)[0m  [1m[32mINSERT INTO "users" ("email", "password_digest", "user_type", "name", "company_name", "company_description", "skills", "bio", "created_at", "updated_at") VALUES ('mitu@example.com', '$2a$12$1JqgDPdp5GyFhjInBSQkTemJSmXhAgJ5e831WAI8zqxlbbAVLIFqC', 'intern', 'ã¿ã¤', NULL, NULL, 'ãƒã‚¤ãƒˆã‹', 'ä»Šæ—¥ãƒã‚¤ãƒˆã‹', '2025-03-28 04:38:35.841926', '2025-03-28 04:38:35.841926') RETURNING "id" /*action='create',application='Backend',controller='users'*/[0m
  â†³ app/controllers/api/v1/users_controller.rb:8:in 'Api::V1::UsersController#create'
  [1m[36mTRANSACTION (6.1ms)[0m  [1m[35mCOMMIT TRANSACTION /*action='create',application='Backend',controller='users'*/[0m
  â†³ app/controllers/api/v1/users_controller.rb:8:in 'Api::V1::UsersController#create'
Completed 201 Created in 298ms (Views: 0.5ms | ActiveRecord: 25.4ms (2 queries, 0 cached) | GC: 0.0ms)


Started POST "/api/v1/users" for ::1 at 2025-03-28 13:40:14 +0900
Processing by Api::V1::UsersController#create as */*
  Parameters: {"user" => {"email" => "[FILTERED]", "password" => "[FILTERED]", "password_confirmation" => "[FILTERED]", "name" => "å²¡å±± å¤ªéƒŽ", "user_type" => "company", "company_name" => "okayamaå¤§å­¦", "company_description" => "å²¡å±±ã§ã¯topã§ã™"}}
  [1m[36mTRANSACTION (0.2ms)[0m  [1m[35mBEGIN immediate TRANSACTION /*action='create',application='Backend',controller='users'*/[0m
  â†³ app/controllers/api/v1/users_controller.rb:8:in 'Api::V1::UsersController#create'
  [1m[36mUser Exists? (2.9ms)[0m  [1m[34mSELECT 1 AS one FROM "users" WHERE "users"."email" = 'okayama@example.com' LIMIT 1 /*action='create',application='Backend',controller='users'*/[0m
  â†³ app/controllers/api/v1/users_controller.rb:8:in 'Api::V1::UsersController#create'
  [1m[36mUser Create (0.8ms)[0m  [1m[32mINSERT INTO "users" ("email", "password_digest", "user_type", "name", "company_name", "company_description", "skills", "bio", "created_at", "updated_at") VALUES ('okayama@example.com', '$2a$12$EfU8sarpH4Rd/KD28qcZwuWjiSjFhgzC4Oo/ZReJ320tLhNflsXSW', 'company', 'å²¡å±± å¤ªéƒŽ', 'okayamaå¤§å­¦', 'å²¡å±±ã§ã¯topã§ã™', NULL, NULL, '2025-03-28 04:40:15.108955', '2025-03-28 04:40:15.108955') RETURNING "id" /*action='create',application='Backend',controller='users'*/[0m
  â†³ app/controllers/api/v1/users_controller.rb:8:in 'Api::V1::UsersController#create'
  [1m[36mTRANSACTION (0.4ms)[0m  [1m[35mCOMMIT TRANSACTION /*action='create',application='Backend',controller='users'*/[0m
  â†³ app/controllers/api/v1/users_controller.rb:8:in 'Api::V1::UsersController#create'
Completed 201 Created in 235ms (Views: 0.5ms | ActiveRecord: 4.6ms (2 queries, 0 cached) | GC: 0.0ms)


Started OPTIONS "/api/v1/users" for ::1 at 2025-03-28 13:40:15 +0900
Started OPTIONS "/api/v1/users" for ::1 at 2025-03-28 13:40:15 +0900
Started GET "/api/v1/users" for ::1 at 2025-03-28 13:40:15 +0900
Processing by Api::V1::UsersController#index as */*
  Parameters: {"user" => {}}
  [1m[36mUser Load (0.5ms)[0m  [1m[34mSELECT "users".* FROM "users" WHERE "users"."id" = 6 LIMIT 1 /*action='index',application='Backend',controller='users'*/[0m
  â†³ app/controllers/application_controller.rb:9:in 'ApplicationController#current_user'
  [1m[36mUser Load (0.2ms)[0m  [1m[34mSELECT "users".* FROM "users" WHERE "users"."user_type" = 'intern' /*action='index',application='Backend',controller='users'*/[0m
  â†³ app/controllers/api/v1/users_controller.rb:23:in 'Enumerable#map'
Completed 200 OK in 26ms (Views: 1.1ms | ActiveRecord: 0.7ms (2 queries, 0 cached) | GC: 0.0ms)


Started GET "/api/v1/users" for ::1 at 2025-03-28 13:40:15 +0900
Processing by Api::V1::UsersController#index as */*
  Parameters: {"user" => {}}
  [1m[36mUser Load (0.2ms)[0m  [1m[34mSELECT "users".* FROM "users" WHERE "users"."id" = 6 LIMIT 1 /*action='index',application='Backend',controller='users'*/[0m
  â†³ app/controllers/application_controller.rb:9:in 'ApplicationController#current_user'
  [1m[36mUser Load (0.3ms)[0m  [1m[34mSELECT "users".* FROM "users" WHERE "users"."user_type" = 'intern' /*action='index',application='Backend',controller='users'*/[0m
  â†³ app/controllers/api/v1/users_controller.rb:23:in 'Enumerable#map'
Completed 200 OK in 9ms (Views: 0.9ms | ActiveRecord: 0.5ms (2 queries, 0 cached) | GC: 0.0ms)


  [1m[36mActiveRecord::InternalMetadata Load (0.5ms)[0m  [1m[34mSELECT * FROM "ar_internal_metadata" WHERE "ar_internal_metadata"."key" = 'environment' ORDER BY "ar_internal_metadata"."key" ASC LIMIT 1 /*application='Backend'*/[0m
  [1m[36mActiveRecord::SchemaMigration Load (0.1ms)[0m  [1m[34mSELECT "schema_migrations"."version" FROM "schema_migrations" ORDER BY "schema_migrations"."version" ASC /*application='Backend'*/[0m
Migrating to CreateInternProfiles (20250328054723)
  [1m[36mTRANSACTION (0.0ms)[0m  [1m[35mBEGIN immediate TRANSACTION /*application='Backend'*/[0m
  [1m[35m (2.7ms)[0m  [1m[35mCREATE TABLE "intern_profiles" ("id" integer PRIMARY KEY AUTOINCREMENT NOT NULL, "user_id" integer NOT NULL, "name" varchar, "bio" text, "school" varchar, "major" varchar, "expected_graduation" varchar, "skills" text, "github_url" varchar, "portfolio_url" varchar, "location" varchar, "created_at" datetime(6) NOT NULL, "updated_at" datetime(6) NOT NULL, CONSTRAINT "fk_rails_ef67311338"
FOREIGN KEY ("user_id")
  REFERENCES "users" ("id")
) /*application='Backend'*/[0m
  [1m[35m (0.1ms)[0m  [1m[35mCREATE INDEX "index_intern_profiles_on_user_id" ON "intern_profiles" ("user_id") /*application='Backend'*/[0m
  [1m[36mActiveRecord::SchemaMigration Create (0.2ms)[0m  [1m[32mINSERT INTO "schema_migrations" ("version") VALUES ('20250328054723') RETURNING "version" /*application='Backend'*/[0m
  [1m[36mTRANSACTION (6.7ms)[0m  [1m[35mCOMMIT TRANSACTION /*application='Backend'*/[0m
Migrating to CreateCompanyProfiles (20250328054757)
  [1m[36mTRANSACTION (0.1ms)[0m  [1m[35mBEGIN immediate TRANSACTION /*application='Backend'*/[0m
  [1m[35m (1.4ms)[0m  [1m[35mCREATE TABLE "company_profiles" ("id" integer PRIMARY KEY AUTOINCREMENT NOT NULL, "user_id" integer NOT NULL, "company_name" varchar, "description" text, "industry" varchar, "location" varchar, "website" varchar, "company_size" varchar, "logo" varchar, "created_at" datetime(6) NOT NULL, "updated_at" datetime(6) NOT NULL, CONSTRAINT "fk_rails_bb2d63b59d"
FOREIGN KEY ("user_id")
  REFERENCES "users" ("id")
) /*application='Backend'*/[0m
  [1m[35m (0.2ms)[0m  [1m[35mCREATE INDEX "index_company_profiles_on_user_id" ON "company_profiles" ("user_id") /*application='Backend'*/[0m
  [1m[36mActiveRecord::SchemaMigration Create (0.3ms)[0m  [1m[32mINSERT INTO "schema_migrations" ("version") VALUES ('20250328054757') RETURNING "version" /*application='Backend'*/[0m
  [1m[36mTRANSACTION (2.2ms)[0m  [1m[35mCOMMIT TRANSACTION /*application='Backend'*/[0m
  [1m[36mActiveRecord::SchemaMigration Load (0.0ms)[0m  [1m[34mSELECT "schema_migrations"."version" FROM "schema_migrations" ORDER BY "schema_migrations"."version" ASC /*application='Backend'*/[0m
  [1m[36mTRANSACTION (0.2ms)[0m  [1m[35mBEGIN immediate TRANSACTION /*application='Backend'*/[0m
  [1m[36mUser Exists? (3.7ms)[0m  [1m[34mSELECT 1 AS one FROM "users" WHERE "users"."email" = 'test@example.com' LIMIT 1 /*application='Backend'*/[0m
  [1m[36mUser Create (0.2ms)[0m  [1m[32mINSERT INTO "users" ("email", "password_digest", "user_type", "name", "company_name", "company_description", "skills", "bio", "created_at", "updated_at") VALUES ('test@example.com', '$2a$12$BgQEkUU4n.F0rupFWgP/IOMLQosLVVvVwNWpIS/35l5NtJFJGXKGu', 'intern', 'ãƒ†ã‚¹ãƒˆç”¨', NULL, NULL, NULL, NULL, '2025-03-28 06:15:28.536854', '2025-03-28 06:15:28.536854') RETURNING "id" /*application='Backend'*/[0m
  [1m[36mTRANSACTION (0.0ms)[0m  [1m[31mROLLBACK TRANSACTION /*application='Backend'*/[0m
  [1m[36mTRANSACTION (0.2ms)[0m  [1m[35mBEGIN immediate TRANSACTION /*application='Backend'*/[0m
  [1m[36mUser Exists? (3.7ms)[0m  [1m[34mSELECT 1 AS one FROM "users" WHERE "users"."email" = 'test@example.com' LIMIT 1 /*application='Backend'*/[0m
  [1m[36mUser Create (0.2ms)[0m  [1m[32mINSERT INTO "users" ("email", "password_digest", "user_type", "name", "company_name", "company_description", "skills", "bio", "created_at", "updated_at") VALUES ('test@example.com', '$2a$12$mldhJhYiA55u7HShAFwIqOzD5Jh5ngM2oEPl5AJKMGmJ/m6Ceydfe', 'intern', 'ãƒ†ã‚¹ãƒˆç”¨', NULL, NULL, NULL, NULL, '2025-03-28 06:20:31.585328', '2025-03-28 06:20:31.585328') RETURNING "id" /*application='Backend'*/[0m
  [1m[36mInternProfile Create (0.2ms)[0m  [1m[32mINSERT INTO "intern_profiles" ("user_id", "name", "bio", "school", "major", "expected_graduation", "skills", "github_url", "portfolio_url", "location", "created_at", "updated_at") VALUES (7, NULL, NULL, NULL, NULL, NULL, NULL, NULL, NULL, NULL, '2025-03-28 06:20:31.627488', '2025-03-28 06:20:31.627488') RETURNING "id" /*application='Backend'*/[0m
  [1m[36mTRANSACTION (6.4ms)[0m  [1m[35mCOMMIT TRANSACTION /*application='Backend'*/[0m
  [1m[36mTRANSACTION (3.1ms)[0m  [1m[35mBEGIN immediate TRANSACTION /*application='Backend'*/[0m
  [1m[36mInternProfile Update (8.6ms)[0m  [1m[33mUPDATE "intern_profiles" SET "school" = 'ã‚µãƒ³ãƒ—ãƒ«å¤§å­¦', "major" = 'æƒ…å ±å·¥å­¦', "skills" = 'Ruby,Rails,JavaScript', "updated_at" = '2025-03-28 06:21:30.813554' WHERE "intern_profiles"."id" = 1 /*application='Backend'*/[0m
  [1m[36mTRANSACTION (0.1ms)[0m  [1m[35mCOMMIT TRANSACTION /*application='Backend'*/[0m
